Performing C SOURCE FILE Test VARIADIC_MACROS_OK failed with the following output:
Change Dir: /Volumes/Toshiba/Projects/yabause_personal/build/CMakeFiles/CMakeTmp

Run Build Command:"/usr/bin/make" "cmTC_369dd/fast"
/Applications/Xcode.app/Contents/Developer/usr/bin/make -f CMakeFiles/cmTC_369dd.dir/build.make CMakeFiles/cmTC_369dd.dir/build
Building C object CMakeFiles/cmTC_369dd.dir/src.c.o
/usr/bin/gcc    -O3 -g -fobjc-abi-version=2 -fobjc-arc -isysroot /Applications/Xcode.app/Contents/Developer/Platforms/iPhoneOS.platform/Developer/SDKs/iPhoneOS10.3.sdk -DVARIADIC_MACROS_OK -arch arm64   -o CMakeFiles/cmTC_369dd.dir/src.c.o   -c /Volumes/Toshiba/Projects/yabause_personal/build/CMakeFiles/CMakeTmp/src.c
/Volumes/Toshiba/Projects/yabause_personal/build/CMakeFiles/CMakeTmp/src.c:2:37: error: implicit declaration of function 'puts' is invalid in C99 [-Werror,-Wimplicit-function-declaration]
        int main(int argc, char ** argv) { MACRO("foo"); }
                                           ^
/Volumes/Toshiba/Projects/yabause_personal/build/CMakeFiles/CMakeTmp/src.c:1:20: note: expanded from macro 'MACRO'
#define MACRO(...) puts(__VA_ARGS__)
                   ^
1 error generated.
make[1]: *** [CMakeFiles/cmTC_369dd.dir/src.c.o] Error 1
make: *** [cmTC_369dd/fast] Error 2

Source file was:
#define MACRO(...) puts(__VA_ARGS__)
	int main(int argc, char ** argv) { MACRO("foo"); }
Determining if the function _wfopen exists failed with the following output:
Change Dir: /Volumes/Toshiba/Projects/yabause_personal/build/CMakeFiles/CMakeTmp

Run Build Command:"/usr/bin/make" "cmTC_27151/fast"
/Applications/Xcode.app/Contents/Developer/usr/bin/make -f CMakeFiles/cmTC_27151.dir/build.make CMakeFiles/cmTC_27151.dir/build
Building C object CMakeFiles/cmTC_27151.dir/CheckFunctionExists.c.o
/usr/bin/gcc    -O3 -g -fobjc-abi-version=2 -fobjc-arc -isysroot /Applications/Xcode.app/Contents/Developer/Platforms/iPhoneOS.platform/Developer/SDKs/iPhoneOS10.3.sdk -DCHECK_FUNCTION_EXISTS=_wfopen -arch arm64   -o CMakeFiles/cmTC_27151.dir/CheckFunctionExists.c.o   -c /usr/local/Cellar/cmake/3.6.2/share/cmake/Modules/CheckFunctionExists.c
Linking C executable cmTC_27151
/usr/local/Cellar/cmake/3.6.2/bin/cmake -E cmake_link_script CMakeFiles/cmTC_27151.dir/link.txt --verbose=1
/usr/bin/gcc   -O3 -g -fobjc-abi-version=2 -fobjc-arc -isysroot /Applications/Xcode.app/Contents/Developer/Platforms/iPhoneOS.platform/Developer/SDKs/iPhoneOS10.3.sdk -DCHECK_FUNCTION_EXISTS=_wfopen -arch arm64 -Wl,-headerpad_max_install_names   CMakeFiles/cmTC_27151.dir/CheckFunctionExists.c.o  -o cmTC_27151  -lm 
Undefined symbols for architecture arm64:
  "__wfopen", referenced from:
      _main in CheckFunctionExists.c.o
ld: symbol(s) not found for architecture arm64
clang: error: linker command failed with exit code 1 (use -v to see invocation)
make[1]: *** [cmTC_27151] Error 1
make: *** [cmTC_27151/fast] Error 2


Determining if the function stricmp exists failed with the following output:
Change Dir: /Volumes/Toshiba/Projects/yabause_personal/build/CMakeFiles/CMakeTmp

Run Build Command:"/usr/bin/make" "cmTC_d13a2/fast"
/Applications/Xcode.app/Contents/Developer/usr/bin/make -f CMakeFiles/cmTC_d13a2.dir/build.make CMakeFiles/cmTC_d13a2.dir/build
Building C object CMakeFiles/cmTC_d13a2.dir/CheckFunctionExists.c.o
/usr/bin/gcc    -O3 -g -fobjc-abi-version=2 -fobjc-arc -isysroot /Applications/Xcode.app/Contents/Developer/Platforms/iPhoneOS.platform/Developer/SDKs/iPhoneOS10.3.sdk -DCHECK_FUNCTION_EXISTS=stricmp -arch arm64   -o CMakeFiles/cmTC_d13a2.dir/CheckFunctionExists.c.o   -c /usr/local/Cellar/cmake/3.6.2/share/cmake/Modules/CheckFunctionExists.c
Linking C executable cmTC_d13a2
/usr/local/Cellar/cmake/3.6.2/bin/cmake -E cmake_link_script CMakeFiles/cmTC_d13a2.dir/link.txt --verbose=1
/usr/bin/gcc   -O3 -g -fobjc-abi-version=2 -fobjc-arc -isysroot /Applications/Xcode.app/Contents/Developer/Platforms/iPhoneOS.platform/Developer/SDKs/iPhoneOS10.3.sdk -DCHECK_FUNCTION_EXISTS=stricmp -arch arm64 -Wl,-headerpad_max_install_names   CMakeFiles/cmTC_d13a2.dir/CheckFunctionExists.c.o  -o cmTC_d13a2  -lm 
Undefined symbols for architecture arm64:
  "_stricmp", referenced from:
      _main in CheckFunctionExists.c.o
ld: symbol(s) not found for architecture arm64
clang: error: linker command failed with exit code 1 (use -v to see invocation)
make[1]: *** [cmTC_d13a2] Error 1
make: *** [cmTC_d13a2/fast] Error 2


